<?xml version="1.0" encoding="UTF-8" standalone="yes"?>
<testsuites name="InfoRequestPage_Suites" time="35" tests="2" failures="0" errors="0">
    <testsuite name="InfoRequestPage_Suites" tests="2" failures="0" errors="0" time="35" timestamp="2020-01-16 14:19:29" hostname="hemavathi - MSDES05.ad.matryxsoft.com" id="Test Suites/Zeenyx_TestSuites/InfoRequestPage_Suites">
        <properties>
            <property name="deviceName" value=""/>
            <property name="devicePlatform" value=""/>
            <property name="logFolder" value="D:\\Nagarjuna_Workspace\\Zeenyx_Regression\\Reports\\20200116_141840\\Zeenyx_TestSuites\\InfoRequestPage_Suites\\20200116_141841"/>
            <property name="logFiles" value="D:\\Nagarjuna_Workspace\\Zeenyx_Regression\\Reports\\20200116_141840\\Zeenyx_TestSuites\\InfoRequestPage_Suites\\20200116_141841\\execution0.log"/>
            <property name="attachments" value=""/>
            <property name="hostName" value="hemavathi - MSDES05.ad.matryxsoft.com"/>
            <property name="os" value="Windows 7 64bit"/>
            <property name="katalonVersion" value="6.3.3.11"/>
            <property name="browser" value="Firefox 72.0"/>
            <property name="hostAddress" value="10.10.20.11"/>
            <property name="sessionId" value="3e8b3326-518d-4be0-8e21-b483f7a999c4"/>
            <property name="seleniumVersion" value="3.141.59"/>
            <property name="proxyInformation" value="ProxyInformation{proxyOption=NO_PROXY, proxyServerType=HTTP, password=, proxyServerAddress=, proxyServerPort=0}"/>
            <property name="platform" value="Windows 7"/>
        </properties>
        <testcase name="Test Cases/Zeenyx/HomePage" classname="Test Cases/Zeenyx/HomePage" status="PASSED">
            <system-out>2020-01-16 14:19:29 - [TEST_CASE][PASSED] - Test Cases/Zeenyx/HomePage: Test Cases/Zeenyx/HomePage&#xD;
&#xD;
2020-01-16 14:19:29 - [TEST_STEP][PASSED] - openBrowser(""): Browser is opened with url: ''&#xD;
&#xD;
2020-01-16 14:19:29 - [MESSAGE][INFO] - Starting 'Firefox' driver&#xD;
&#xD;
2020-01-16 14:19:29 - [MESSAGE][INFO] - Action delay is set to 0 seconds&#xD;
&#xD;
2020-01-16 14:19:35 - [MESSAGE][PASSED] - Browser is opened with url: ''&#xD;
&#xD;
2020-01-16 14:19:35 - [TEST_STEP][PASSED] - navigateToUrl("http://www.zeenyx.com/"): Navigate to 'http://www.zeenyx.com/' successfully&#xD;
&#xD;
2020-01-16 14:19:45 - [MESSAGE][PASSED] - Navigate to 'http://www.zeenyx.com/' successfully&#xD;
&#xD;
2020-01-16 14:19:45 - [TEST_STEP][PASSED] - mouseOver(findTestObject("Zeenyx/ZeenyxMainPage/Lnk_CONTACT")): Object: 'Object Repository/Zeenyx/ZeenyxMainPage/Lnk_CONTACT' is hovered&#xD;
&#xD;
2020-01-16 14:19:46 - [MESSAGE][PASSED] - Object: 'Object Repository/Zeenyx/ZeenyxMainPage/Lnk_CONTACT' is hovered&#xD;
&#xD;
2020-01-16 14:19:46 - [TEST_STEP][PASSED] - waitForElementVisible(findTestObject("Zeenyx/ZeenyxMainPage/Lnk_Info Request"), 5): Object 'Object Repository/Zeenyx/ZeenyxMainPage/Lnk_Info Request' is not visible after 5 second(s)&#xD;
&#xD;
2020-01-16 14:19:51 - [MESSAGE][WARNING] - Object 'Object Repository/Zeenyx/ZeenyxMainPage/Lnk_Info Request' is not visible after 5 second(s)&#xD;
&#xD;
2020-01-16 14:19:51 - [TEST_STEP][PASSED] - click(findTestObject("Zeenyx/ZeenyxMainPage/Lnk_Info Request")): Object: 'Object Repository/Zeenyx/ZeenyxMainPage/Lnk_Info Request' is clicked on&#xD;
&#xD;
2020-01-16 14:19:54 - [MESSAGE][PASSED] - Object: 'Object Repository/Zeenyx/ZeenyxMainPage/Lnk_Info Request' is clicked on&#xD;
&#xD;
2020-01-16 14:19:54 - [TEST_STEP][PASSED] - bPresent = waitForElementVisible(findTestObject("Object Repository/Zeenyx/Zeenyx InformationRequest_Page/Txt_FirstName"), 5): Object 'Object Repository/Zeenyx/Zeenyx InformationRequest_Page/Txt_FirstName' is visible&#xD;
&#xD;
2020-01-16 14:19:54 - [MESSAGE][PASSED] - Object 'Object Repository/Zeenyx/Zeenyx InformationRequest_Page/Txt_FirstName' is visible&#xD;
&#xD;
2020-01-16 14:19:54 - [TEST_STEP][PASSED] - if (bPresent == true): null&#xD;
&#xD;
2020-01-16 14:19:54 - [TEST_STEP][PASSED] - println("Info request page is opened successfully"): null</system-out>
            <system-err></system-err>
        </testcase>
        <testcase name="Test Cases/InfoRequest/EnterDetails_ZeenyxInfoRequestPage" classname="Test Cases/InfoRequest/EnterDetails_ZeenyxInfoRequestPage" status="PASSED">
            <system-out>2020-01-16 14:19:54 - [TEST_CASE][PASSED] - Test Cases/InfoRequest/EnterDetails_ZeenyxInfoRequestPage: Test Cases/InfoRequest/EnterDetails_ZeenyxInfoRequestPage&#xD;
&#xD;
2020-01-16 14:19:54 - [TEST_STEP][PASSED] - driver = getWebDriver(): null&#xD;
&#xD;
2020-01-16 14:19:54 - [TEST_STEP][PASSED] - setText(findTestObject("Zeenyx/Zeenyx InformationRequest_Page/Txt_FirstName"), FirstName): Text 'Nagarjuna' is set on object 'Object Repository/Zeenyx/Zeenyx InformationRequest_Page/Txt_FirstName'&#xD;
&#xD;
2020-01-16 14:19:55 - [MESSAGE][PASSED] - Text 'Nagarjuna' is set on object 'Object Repository/Zeenyx/Zeenyx InformationRequest_Page/Txt_FirstName'&#xD;
&#xD;
2020-01-16 14:19:55 - [TEST_STEP][PASSED] - setText(findTestObject("Zeenyx/Zeenyx InformationRequest_Page/Txt_LastName"), SecondName): Text 'Napa' is set on object 'Object Repository/Zeenyx/Zeenyx InformationRequest_Page/Txt_LastName'&#xD;
&#xD;
2020-01-16 14:19:55 - [MESSAGE][PASSED] - Text 'Napa' is set on object 'Object Repository/Zeenyx/Zeenyx InformationRequest_Page/Txt_LastName'&#xD;
&#xD;
2020-01-16 14:19:55 - [TEST_STEP][PASSED] - setText(findTestObject("Zeenyx/Zeenyx InformationRequest_Page/Txt_CompanyName"), CompanyName): Text 'Matryxsoft' is set on object 'Object Repository/Zeenyx/Zeenyx InformationRequest_Page/Txt_CompanyName'&#xD;
&#xD;
2020-01-16 14:19:55 - [MESSAGE][PASSED] - Text 'Matryxsoft' is set on object 'Object Repository/Zeenyx/Zeenyx InformationRequest_Page/Txt_CompanyName'&#xD;
&#xD;
2020-01-16 14:19:55 - [TEST_STEP][PASSED] - setText(findTestObject("Zeenyx/Zeenyx InformationRequest_Page/Txt_ZipCode"), ZipCode): Text '560092' is set on object 'Object Repository/Zeenyx/Zeenyx InformationRequest_Page/Txt_ZipCode'&#xD;
&#xD;
2020-01-16 14:19:55 - [MESSAGE][PASSED] - Text '560092' is set on object 'Object Repository/Zeenyx/Zeenyx InformationRequest_Page/Txt_ZipCode'&#xD;
&#xD;
2020-01-16 14:19:55 - [TEST_STEP][PASSED] - iNo_States = getNumberOfTotalOption(findTestObject("Zeenyx/Zeenyx InformationRequest_Page/Pop_State")): 50 options of object 'Object Repository/Zeenyx/Zeenyx InformationRequest_Page/Pop_State' counted&#xD;
&#xD;
2020-01-16 14:19:55 - [MESSAGE][PASSED] - 50 options of object 'Object Repository/Zeenyx/Zeenyx InformationRequest_Page/Pop_State' counted&#xD;
&#xD;
2020-01-16 14:19:55 - [TEST_STEP][PASSED] - sSearchState = "WA": null&#xD;
&#xD;
2020-01-16 14:19:55 - [TEST_STEP][PASSED] - log = new com.kms.katalon.core.logging.KeywordLogger(): null&#xD;
&#xD;
2020-01-16 14:19:55 - [TEST_STEP][ERROR] - for ([i = 1, i &lt;= iNo_States, (i++)]): null&#xD;
&#xD;
2020-01-16 14:19:55 - [TEST_STEP][PASSED] - sState = xpath("//*[@id="State"]/option[" + i + "]")).getText(): null&#xD;
&#xD;
2020-01-16 14:19:55 - [TEST_STEP][PASSED] - if (sState == sSearchState): null&#xD;
&#xD;
2020-01-16 14:19:55 - [TEST_STEP][ERROR] - else: AK is not same with WA&#xD;
&#xD;
2020-01-16 14:19:55 - [TEST_STEP][ERROR] - log.logError(sState + " is not same with " + sSearchState): AK is not same with WA&#xD;
&#xD;
2020-01-16 14:19:55 - [MESSAGE][ERROR] - AK is not same with WA&#xD;
&#xD;
2020-01-16 14:19:55 - [TEST_STEP][PASSED] - sState = xpath("//*[@id="State"]/option[" + i + "]")).getText(): null&#xD;
&#xD;
2020-01-16 14:19:55 - [TEST_STEP][PASSED] - if (sState == sSearchState): null&#xD;
&#xD;
2020-01-16 14:19:55 - [TEST_STEP][ERROR] - else: AL is not same with WA&#xD;
&#xD;
2020-01-16 14:19:55 - [TEST_STEP][ERROR] - log.logError(sState + " is not same with " + sSearchState): AL is not same with WA&#xD;
&#xD;
2020-01-16 14:19:55 - [MESSAGE][ERROR] - AL is not same with WA&#xD;
&#xD;
2020-01-16 14:19:55 - [TEST_STEP][PASSED] - sState = xpath("//*[@id="State"]/option[" + i + "]")).getText(): null&#xD;
&#xD;
2020-01-16 14:19:55 - [TEST_STEP][PASSED] - if (sState == sSearchState): null&#xD;
&#xD;
2020-01-16 14:19:55 - [TEST_STEP][ERROR] - else: AR is not same with WA&#xD;
&#xD;
2020-01-16 14:19:55 - [TEST_STEP][ERROR] - log.logError(sState + " is not same with " + sSearchState): AR is not same with WA&#xD;
&#xD;
2020-01-16 14:19:55 - [MESSAGE][ERROR] - AR is not same with WA&#xD;
&#xD;
2020-01-16 14:19:55 - [TEST_STEP][PASSED] - sState = xpath("//*[@id="State"]/option[" + i + "]")).getText(): null&#xD;
&#xD;
2020-01-16 14:19:55 - [TEST_STEP][PASSED] - if (sState == sSearchState): null&#xD;
&#xD;
2020-01-16 14:19:55 - [TEST_STEP][ERROR] - else: AZ is not same with WA&#xD;
&#xD;
2020-01-16 14:19:55 - [TEST_STEP][ERROR] - log.logError(sState + " is not same with " + sSearchState): AZ is not same with WA&#xD;
&#xD;
2020-01-16 14:19:55 - [MESSAGE][ERROR] - AZ is not same with WA&#xD;
&#xD;
2020-01-16 14:19:55 - [TEST_STEP][PASSED] - sState = xpath("//*[@id="State"]/option[" + i + "]")).getText(): null&#xD;
&#xD;
2020-01-16 14:19:55 - [TEST_STEP][PASSED] - if (sState == sSearchState): null&#xD;
&#xD;
2020-01-16 14:19:55 - [TEST_STEP][ERROR] - else: CA is not same with WA&#xD;
&#xD;
2020-01-16 14:19:55 - [TEST_STEP][ERROR] - log.logError(sState + " is not same with " + sSearchState): CA is not same with WA&#xD;
&#xD;
2020-01-16 14:19:55 - [MESSAGE][ERROR] - CA is not same with WA&#xD;
&#xD;
2020-01-16 14:19:55 - [TEST_STEP][PASSED] - sState = xpath("//*[@id="State"]/option[" + i + "]")).getText(): null&#xD;
&#xD;
2020-01-16 14:19:55 - [TEST_STEP][PASSED] - if (sState == sSearchState): null&#xD;
&#xD;
2020-01-16 14:19:55 - [TEST_STEP][ERROR] - else: CO is not same with WA&#xD;
&#xD;
2020-01-16 14:19:55 - [TEST_STEP][ERROR] - log.logError(sState + " is not same with " + sSearchState): CO is not same with WA&#xD;
&#xD;
2020-01-16 14:19:55 - [MESSAGE][ERROR] - CO is not same with WA&#xD;
&#xD;
2020-01-16 14:19:55 - [TEST_STEP][PASSED] - sState = xpath("//*[@id="State"]/option[" + i + "]")).getText(): null&#xD;
&#xD;
2020-01-16 14:19:55 - [TEST_STEP][PASSED] - if (sState == sSearchState): null&#xD;
&#xD;
2020-01-16 14:19:55 - [TEST_STEP][ERROR] - else: CT is not same with WA&#xD;
&#xD;
2020-01-16 14:19:55 - [TEST_STEP][ERROR] - log.logError(sState + " is not same with " + sSearchState): CT is not same with WA&#xD;
&#xD;
2020-01-16 14:19:55 - [MESSAGE][ERROR] - CT is not same with WA&#xD;
&#xD;
2020-01-16 14:19:55 - [TEST_STEP][PASSED] - sState = xpath("//*[@id="State"]/option[" + i + "]")).getText(): null&#xD;
&#xD;
2020-01-16 14:19:55 - [TEST_STEP][PASSED] - if (sState == sSearchState): null&#xD;
&#xD;
2020-01-16 14:19:55 - [TEST_STEP][ERROR] - else: DE is not same with WA&#xD;
&#xD;
2020-01-16 14:19:55 - [TEST_STEP][ERROR] - log.logError(sState + " is not same with " + sSearchState): DE is not same with WA&#xD;
&#xD;
2020-01-16 14:19:55 - [MESSAGE][ERROR] - DE is not same with WA&#xD;
&#xD;
2020-01-16 14:19:55 - [TEST_STEP][PASSED] - sState = xpath("//*[@id="State"]/option[" + i + "]")).getText(): null&#xD;
&#xD;
2020-01-16 14:19:55 - [TEST_STEP][PASSED] - if (sState == sSearchState): null&#xD;
&#xD;
2020-01-16 14:19:55 - [TEST_STEP][ERROR] - else: FL is not same with WA&#xD;
&#xD;
2020-01-16 14:19:55 - [TEST_STEP][ERROR] - log.logError(sState + " is not same with " + sSearchState): FL is not same with WA&#xD;
&#xD;
2020-01-16 14:19:55 - [MESSAGE][ERROR] - FL is not same with WA&#xD;
&#xD;
2020-01-16 14:19:55 - [TEST_STEP][PASSED] - sState = xpath("//*[@id="State"]/option[" + i + "]")).getText(): null&#xD;
&#xD;
2020-01-16 14:19:55 - [TEST_STEP][PASSED] - if (sState == sSearchState): null&#xD;
&#xD;
2020-01-16 14:19:55 - [TEST_STEP][ERROR] - else: GA is not same with WA&#xD;
&#xD;
2020-01-16 14:19:55 - [TEST_STEP][ERROR] - log.logError(sState + " is not same with " + sSearchState): GA is not same with WA&#xD;
&#xD;
2020-01-16 14:19:55 - [MESSAGE][ERROR] - GA is not same with WA&#xD;
&#xD;
2020-01-16 14:19:55 - [TEST_STEP][PASSED] - sState = xpath("//*[@id="State"]/option[" + i + "]")).getText(): null&#xD;
&#xD;
2020-01-16 14:19:55 - [TEST_STEP][PASSED] - if (sState == sSearchState): null&#xD;
&#xD;
2020-01-16 14:19:55 - [TEST_STEP][ERROR] - else: HI is not same with WA&#xD;
&#xD;
2020-01-16 14:19:55 - [TEST_STEP][ERROR] - log.logError(sState + " is not same with " + sSearchState): HI is not same with WA&#xD;
&#xD;
2020-01-16 14:19:55 - [MESSAGE][ERROR] - HI is not same with WA&#xD;
&#xD;
2020-01-16 14:19:55 - [TEST_STEP][PASSED] - sState = xpath("//*[@id="State"]/option[" + i + "]")).getText(): null&#xD;
&#xD;
2020-01-16 14:19:55 - [TEST_STEP][PASSED] - if (sState == sSearchState): null&#xD;
&#xD;
2020-01-16 14:19:55 - [TEST_STEP][ERROR] - else: IA is not same with WA&#xD;
&#xD;
2020-01-16 14:19:55 - [TEST_STEP][ERROR] - log.logError(sState + " is not same with " + sSearchState): IA is not same with WA&#xD;
&#xD;
2020-01-16 14:19:55 - [MESSAGE][ERROR] - IA is not same with WA&#xD;
&#xD;
2020-01-16 14:19:55 - [TEST_STEP][PASSED] - sState = xpath("//*[@id="State"]/option[" + i + "]")).getText(): null&#xD;
&#xD;
2020-01-16 14:19:56 - [TEST_STEP][PASSED] - if (sState == sSearchState): null&#xD;
&#xD;
2020-01-16 14:19:56 - [TEST_STEP][ERROR] - else: ID is not same with WA&#xD;
&#xD;
2020-01-16 14:19:56 - [TEST_STEP][ERROR] - log.logError(sState + " is not same with " + sSearchState): ID is not same with WA&#xD;
&#xD;
2020-01-16 14:19:56 - [MESSAGE][ERROR] - ID is not same with WA&#xD;
&#xD;
2020-01-16 14:19:56 - [TEST_STEP][PASSED] - sState = xpath("//*[@id="State"]/option[" + i + "]")).getText(): null&#xD;
&#xD;
2020-01-16 14:19:56 - [TEST_STEP][PASSED] - if (sState == sSearchState): null&#xD;
&#xD;
2020-01-16 14:19:56 - [TEST_STEP][ERROR] - else: IL is not same with WA&#xD;
&#xD;
2020-01-16 14:19:56 - [TEST_STEP][ERROR] - log.logError(sState + " is not same with " + sSearchState): IL is not same with WA&#xD;
&#xD;
2020-01-16 14:19:56 - [MESSAGE][ERROR] - IL is not same with WA&#xD;
&#xD;
2020-01-16 14:19:56 - [TEST_STEP][PASSED] - sState = xpath("//*[@id="State"]/option[" + i + "]")).getText(): null&#xD;
&#xD;
2020-01-16 14:19:56 - [TEST_STEP][PASSED] - if (sState == sSearchState): null&#xD;
&#xD;
2020-01-16 14:19:56 - [TEST_STEP][ERROR] - else: IN is not same with WA&#xD;
&#xD;
2020-01-16 14:19:56 - [TEST_STEP][ERROR] - log.logError(sState + " is not same with " + sSearchState): IN is not same with WA&#xD;
&#xD;
2020-01-16 14:19:56 - [MESSAGE][ERROR] - IN is not same with WA&#xD;
&#xD;
2020-01-16 14:19:56 - [TEST_STEP][PASSED] - sState = xpath("//*[@id="State"]/option[" + i + "]")).getText(): null&#xD;
&#xD;
2020-01-16 14:19:56 - [TEST_STEP][PASSED] - if (sState == sSearchState): null&#xD;
&#xD;
2020-01-16 14:19:56 - [TEST_STEP][ERROR] - else: KS is not same with WA&#xD;
&#xD;
2020-01-16 14:19:56 - [TEST_STEP][ERROR] - log.logError(sState + " is not same with " + sSearchState): KS is not same with WA&#xD;
&#xD;
2020-01-16 14:19:56 - [MESSAGE][ERROR] - KS is not same with WA&#xD;
&#xD;
2020-01-16 14:19:56 - [TEST_STEP][PASSED] - sState = xpath("//*[@id="State"]/option[" + i + "]")).getText(): null&#xD;
&#xD;
2020-01-16 14:19:56 - [TEST_STEP][PASSED] - if (sState == sSearchState): null&#xD;
&#xD;
2020-01-16 14:19:56 - [TEST_STEP][ERROR] - else: KY is not same with WA&#xD;
&#xD;
2020-01-16 14:19:56 - [TEST_STEP][ERROR] - log.logError(sState + " is not same with " + sSearchState): KY is not same with WA&#xD;
&#xD;
2020-01-16 14:19:56 - [MESSAGE][ERROR] - KY is not same with WA&#xD;
&#xD;
2020-01-16 14:19:56 - [TEST_STEP][PASSED] - sState = xpath("//*[@id="State"]/option[" + i + "]")).getText(): null&#xD;
&#xD;
2020-01-16 14:19:56 - [TEST_STEP][PASSED] - if (sState == sSearchState): null&#xD;
&#xD;
2020-01-16 14:19:56 - [TEST_STEP][ERROR] - else: LA is not same with WA&#xD;
&#xD;
2020-01-16 14:19:56 - [TEST_STEP][ERROR] - log.logError(sState + " is not same with " + sSearchState): LA is not same with WA&#xD;
&#xD;
2020-01-16 14:19:56 - [MESSAGE][ERROR] - LA is not same with WA&#xD;
&#xD;
2020-01-16 14:19:56 - [TEST_STEP][PASSED] - sState = xpath("//*[@id="State"]/option[" + i + "]")).getText(): null&#xD;
&#xD;
2020-01-16 14:19:56 - [TEST_STEP][PASSED] - if (sState == sSearchState): null&#xD;
&#xD;
2020-01-16 14:19:56 - [TEST_STEP][ERROR] - else: MA is not same with WA&#xD;
&#xD;
2020-01-16 14:19:56 - [TEST_STEP][ERROR] - log.logError(sState + " is not same with " + sSearchState): MA is not same with WA&#xD;
&#xD;
2020-01-16 14:19:56 - [MESSAGE][ERROR] - MA is not same with WA&#xD;
&#xD;
2020-01-16 14:19:56 - [TEST_STEP][PASSED] - sState = xpath("//*[@id="State"]/option[" + i + "]")).getText(): null&#xD;
&#xD;
2020-01-16 14:19:56 - [TEST_STEP][PASSED] - if (sState == sSearchState): null&#xD;
&#xD;
2020-01-16 14:19:56 - [TEST_STEP][ERROR] - else: MD is not same with WA&#xD;
&#xD;
2020-01-16 14:19:56 - [TEST_STEP][ERROR] - log.logError(sState + " is not same with " + sSearchState): MD is not same with WA&#xD;
&#xD;
2020-01-16 14:19:56 - [MESSAGE][ERROR] - MD is not same with WA&#xD;
&#xD;
2020-01-16 14:19:56 - [TEST_STEP][PASSED] - sState = xpath("//*[@id="State"]/option[" + i + "]")).getText(): null&#xD;
&#xD;
2020-01-16 14:19:56 - [TEST_STEP][PASSED] - if (sState == sSearchState): null&#xD;
&#xD;
2020-01-16 14:19:56 - [TEST_STEP][ERROR] - else: ME is not same with WA&#xD;
&#xD;
2020-01-16 14:19:56 - [TEST_STEP][ERROR] - log.logError(sState + " is not same with " + sSearchState): ME is not same with WA&#xD;
&#xD;
2020-01-16 14:19:56 - [MESSAGE][ERROR] - ME is not same with WA&#xD;
&#xD;
2020-01-16 14:19:56 - [TEST_STEP][PASSED] - sState = xpath("//*[@id="State"]/option[" + i + "]")).getText(): null&#xD;
&#xD;
2020-01-16 14:19:56 - [TEST_STEP][PASSED] - if (sState == sSearchState): null&#xD;
&#xD;
2020-01-16 14:19:56 - [TEST_STEP][ERROR] - else: MI is not same with WA&#xD;
&#xD;
2020-01-16 14:19:56 - [TEST_STEP][ERROR] - log.logError(sState + " is not same with " + sSearchState): MI is not same with WA&#xD;
&#xD;
2020-01-16 14:19:56 - [MESSAGE][ERROR] - MI is not same with WA&#xD;
&#xD;
2020-01-16 14:19:56 - [TEST_STEP][PASSED] - sState = xpath("//*[@id="State"]/option[" + i + "]")).getText(): null&#xD;
&#xD;
2020-01-16 14:19:56 - [TEST_STEP][PASSED] - if (sState == sSearchState): null&#xD;
&#xD;
2020-01-16 14:19:56 - [TEST_STEP][ERROR] - else: MN is not same with WA&#xD;
&#xD;
2020-01-16 14:19:56 - [TEST_STEP][ERROR] - log.logError(sState + " is not same with " + sSearchState): MN is not same with WA&#xD;
&#xD;
2020-01-16 14:19:56 - [MESSAGE][ERROR] - MN is not same with WA&#xD;
&#xD;
2020-01-16 14:19:56 - [TEST_STEP][PASSED] - sState = xpath("//*[@id="State"]/option[" + i + "]")).getText(): null&#xD;
&#xD;
2020-01-16 14:19:56 - [TEST_STEP][PASSED] - if (sState == sSearchState): null&#xD;
&#xD;
2020-01-16 14:19:56 - [TEST_STEP][ERROR] - else: MO is not same with WA&#xD;
&#xD;
2020-01-16 14:19:56 - [TEST_STEP][ERROR] - log.logError(sState + " is not same with " + sSearchState): MO is not same with WA&#xD;
&#xD;
2020-01-16 14:19:56 - [MESSAGE][ERROR] - MO is not same with WA&#xD;
&#xD;
2020-01-16 14:19:56 - [TEST_STEP][PASSED] - sState = xpath("//*[@id="State"]/option[" + i + "]")).getText(): null&#xD;
&#xD;
2020-01-16 14:19:56 - [TEST_STEP][PASSED] - if (sState == sSearchState): null&#xD;
&#xD;
2020-01-16 14:19:56 - [TEST_STEP][ERROR] - else: MS is not same with WA&#xD;
&#xD;
2020-01-16 14:19:56 - [TEST_STEP][ERROR] - log.logError(sState + " is not same with " + sSearchState): MS is not same with WA&#xD;
&#xD;
2020-01-16 14:19:56 - [MESSAGE][ERROR] - MS is not same with WA&#xD;
&#xD;
2020-01-16 14:19:56 - [TEST_STEP][PASSED] - sState = xpath("//*[@id="State"]/option[" + i + "]")).getText(): null&#xD;
&#xD;
2020-01-16 14:19:56 - [TEST_STEP][PASSED] - if (sState == sSearchState): null&#xD;
&#xD;
2020-01-16 14:19:56 - [TEST_STEP][ERROR] - else: MT is not same with WA&#xD;
&#xD;
2020-01-16 14:19:56 - [TEST_STEP][ERROR] - log.logError(sState + " is not same with " + sSearchState): MT is not same with WA&#xD;
&#xD;
2020-01-16 14:19:56 - [MESSAGE][ERROR] - MT is not same with WA&#xD;
&#xD;
2020-01-16 14:19:56 - [TEST_STEP][PASSED] - sState = xpath("//*[@id="State"]/option[" + i + "]")).getText(): null&#xD;
&#xD;
2020-01-16 14:19:56 - [TEST_STEP][PASSED] - if (sState == sSearchState): null&#xD;
&#xD;
2020-01-16 14:19:56 - [TEST_STEP][ERROR] - else: NC is not same with WA&#xD;
&#xD;
2020-01-16 14:19:56 - [TEST_STEP][ERROR] - log.logError(sState + " is not same with " + sSearchState): NC is not same with WA&#xD;
&#xD;
2020-01-16 14:19:56 - [MESSAGE][ERROR] - NC is not same with WA&#xD;
&#xD;
2020-01-16 14:19:56 - [TEST_STEP][PASSED] - sState = xpath("//*[@id="State"]/option[" + i + "]")).getText(): null&#xD;
&#xD;
2020-01-16 14:19:56 - [TEST_STEP][PASSED] - if (sState == sSearchState): null&#xD;
&#xD;
2020-01-16 14:19:56 - [TEST_STEP][ERROR] - else: ND is not same with WA&#xD;
&#xD;
2020-01-16 14:19:56 - [TEST_STEP][ERROR] - log.logError(sState + " is not same with " + sSearchState): ND is not same with WA&#xD;
&#xD;
2020-01-16 14:19:56 - [MESSAGE][ERROR] - ND is not same with WA&#xD;
&#xD;
2020-01-16 14:19:56 - [TEST_STEP][PASSED] - sState = xpath("//*[@id="State"]/option[" + i + "]")).getText(): null&#xD;
&#xD;
2020-01-16 14:19:56 - [TEST_STEP][PASSED] - if (sState == sSearchState): null&#xD;
&#xD;
2020-01-16 14:19:56 - [TEST_STEP][ERROR] - else: NE is not same with WA&#xD;
&#xD;
2020-01-16 14:19:56 - [TEST_STEP][ERROR] - log.logError(sState + " is not same with " + sSearchState): NE is not same with WA&#xD;
&#xD;
2020-01-16 14:19:56 - [MESSAGE][ERROR] - NE is not same with WA&#xD;
&#xD;
2020-01-16 14:19:56 - [TEST_STEP][PASSED] - sState = xpath("//*[@id="State"]/option[" + i + "]")).getText(): null&#xD;
&#xD;
2020-01-16 14:19:56 - [TEST_STEP][PASSED] - if (sState == sSearchState): null&#xD;
&#xD;
2020-01-16 14:19:56 - [TEST_STEP][ERROR] - else: NH is not same with WA&#xD;
&#xD;
2020-01-16 14:19:56 - [TEST_STEP][ERROR] - log.logError(sState + " is not same with " + sSearchState): NH is not same with WA&#xD;
&#xD;
2020-01-16 14:19:56 - [MESSAGE][ERROR] - NH is not same with WA&#xD;
&#xD;
2020-01-16 14:19:56 - [TEST_STEP][PASSED] - sState = xpath("//*[@id="State"]/option[" + i + "]")).getText(): null&#xD;
&#xD;
2020-01-16 14:19:56 - [TEST_STEP][PASSED] - if (sState == sSearchState): null&#xD;
&#xD;
2020-01-16 14:19:56 - [TEST_STEP][ERROR] - else: NJ is not same with WA&#xD;
&#xD;
2020-01-16 14:19:56 - [TEST_STEP][ERROR] - log.logError(sState + " is not same with " + sSearchState): NJ is not same with WA&#xD;
&#xD;
2020-01-16 14:19:56 - [MESSAGE][ERROR] - NJ is not same with WA&#xD;
&#xD;
2020-01-16 14:19:56 - [TEST_STEP][PASSED] - sState = xpath("//*[@id="State"]/option[" + i + "]")).getText(): null&#xD;
&#xD;
2020-01-16 14:19:56 - [TEST_STEP][PASSED] - if (sState == sSearchState): null&#xD;
&#xD;
2020-01-16 14:19:56 - [TEST_STEP][ERROR] - else: NM is not same with WA&#xD;
&#xD;
2020-01-16 14:19:56 - [TEST_STEP][ERROR] - log.logError(sState + " is not same with " + sSearchState): NM is not same with WA&#xD;
&#xD;
2020-01-16 14:19:56 - [MESSAGE][ERROR] - NM is not same with WA&#xD;
&#xD;
2020-01-16 14:19:56 - [TEST_STEP][PASSED] - sState = xpath("//*[@id="State"]/option[" + i + "]")).getText(): null&#xD;
&#xD;
2020-01-16 14:19:56 - [TEST_STEP][PASSED] - if (sState == sSearchState): null&#xD;
&#xD;
2020-01-16 14:19:56 - [TEST_STEP][ERROR] - else: NV is not same with WA&#xD;
&#xD;
2020-01-16 14:19:56 - [TEST_STEP][ERROR] - log.logError(sState + " is not same with " + sSearchState): NV is not same with WA&#xD;
&#xD;
2020-01-16 14:19:56 - [MESSAGE][ERROR] - NV is not same with WA&#xD;
&#xD;
2020-01-16 14:19:56 - [TEST_STEP][PASSED] - sState = xpath("//*[@id="State"]/option[" + i + "]")).getText(): null&#xD;
&#xD;
2020-01-16 14:19:56 - [TEST_STEP][PASSED] - if (sState == sSearchState): null&#xD;
&#xD;
2020-01-16 14:19:56 - [TEST_STEP][ERROR] - else: NY is not same with WA&#xD;
&#xD;
2020-01-16 14:19:56 - [TEST_STEP][ERROR] - log.logError(sState + " is not same with " + sSearchState): NY is not same with WA&#xD;
&#xD;
2020-01-16 14:19:56 - [MESSAGE][ERROR] - NY is not same with WA&#xD;
&#xD;
2020-01-16 14:19:56 - [TEST_STEP][PASSED] - sState = xpath("//*[@id="State"]/option[" + i + "]")).getText(): null&#xD;
&#xD;
2020-01-16 14:19:56 - [TEST_STEP][PASSED] - if (sState == sSearchState): null&#xD;
&#xD;
2020-01-16 14:19:56 - [TEST_STEP][ERROR] - else: OH is not same with WA&#xD;
&#xD;
2020-01-16 14:19:56 - [TEST_STEP][ERROR] - log.logError(sState + " is not same with " + sSearchState): OH is not same with WA&#xD;
&#xD;
2020-01-16 14:19:56 - [MESSAGE][ERROR] - OH is not same with WA&#xD;
&#xD;
2020-01-16 14:19:56 - [TEST_STEP][PASSED] - sState = xpath("//*[@id="State"]/option[" + i + "]")).getText(): null&#xD;
&#xD;
2020-01-16 14:19:56 - [TEST_STEP][PASSED] - if (sState == sSearchState): null&#xD;
&#xD;
2020-01-16 14:19:56 - [TEST_STEP][ERROR] - else: OK is not same with WA&#xD;
&#xD;
2020-01-16 14:19:56 - [TEST_STEP][ERROR] - log.logError(sState + " is not same with " + sSearchState): OK is not same with WA&#xD;
&#xD;
2020-01-16 14:19:56 - [MESSAGE][ERROR] - OK is not same with WA&#xD;
&#xD;
2020-01-16 14:19:56 - [TEST_STEP][PASSED] - sState = xpath("//*[@id="State"]/option[" + i + "]")).getText(): null&#xD;
&#xD;
2020-01-16 14:19:56 - [TEST_STEP][PASSED] - if (sState == sSearchState): null&#xD;
&#xD;
2020-01-16 14:19:56 - [TEST_STEP][ERROR] - else: OR is not same with WA&#xD;
&#xD;
2020-01-16 14:19:56 - [TEST_STEP][ERROR] - log.logError(sState + " is not same with " + sSearchState): OR is not same with WA&#xD;
&#xD;
2020-01-16 14:19:56 - [MESSAGE][ERROR] - OR is not same with WA&#xD;
&#xD;
2020-01-16 14:19:56 - [TEST_STEP][PASSED] - sState = xpath("//*[@id="State"]/option[" + i + "]")).getText(): null&#xD;
&#xD;
2020-01-16 14:19:56 - [TEST_STEP][PASSED] - if (sState == sSearchState): null&#xD;
&#xD;
2020-01-16 14:19:56 - [TEST_STEP][ERROR] - else: PA is not same with WA&#xD;
&#xD;
2020-01-16 14:19:56 - [TEST_STEP][ERROR] - log.logError(sState + " is not same with " + sSearchState): PA is not same with WA&#xD;
&#xD;
2020-01-16 14:19:56 - [MESSAGE][ERROR] - PA is not same with WA&#xD;
&#xD;
2020-01-16 14:19:56 - [TEST_STEP][PASSED] - sState = xpath("//*[@id="State"]/option[" + i + "]")).getText(): null&#xD;
&#xD;
2020-01-16 14:19:56 - [TEST_STEP][PASSED] - if (sState == sSearchState): null&#xD;
&#xD;
2020-01-16 14:19:56 - [TEST_STEP][ERROR] - else: RI is not same with WA&#xD;
&#xD;
2020-01-16 14:19:56 - [TEST_STEP][ERROR] - log.logError(sState + " is not same with " + sSearchState): RI is not same with WA&#xD;
&#xD;
2020-01-16 14:19:56 - [MESSAGE][ERROR] - RI is not same with WA&#xD;
&#xD;
2020-01-16 14:19:56 - [TEST_STEP][PASSED] - sState = xpath("//*[@id="State"]/option[" + i + "]")).getText(): null&#xD;
&#xD;
2020-01-16 14:19:56 - [TEST_STEP][PASSED] - if (sState == sSearchState): null&#xD;
&#xD;
2020-01-16 14:19:56 - [TEST_STEP][ERROR] - else: SC is not same with WA&#xD;
&#xD;
2020-01-16 14:19:56 - [TEST_STEP][ERROR] - log.logError(sState + " is not same with " + sSearchState): SC is not same with WA&#xD;
&#xD;
2020-01-16 14:19:56 - [MESSAGE][ERROR] - SC is not same with WA&#xD;
&#xD;
2020-01-16 14:19:56 - [TEST_STEP][PASSED] - sState = xpath("//*[@id="State"]/option[" + i + "]")).getText(): null&#xD;
&#xD;
2020-01-16 14:19:56 - [TEST_STEP][PASSED] - if (sState == sSearchState): null&#xD;
&#xD;
2020-01-16 14:19:56 - [TEST_STEP][ERROR] - else: SD is not same with WA&#xD;
&#xD;
2020-01-16 14:19:56 - [TEST_STEP][ERROR] - log.logError(sState + " is not same with " + sSearchState): SD is not same with WA&#xD;
&#xD;
2020-01-16 14:19:56 - [MESSAGE][ERROR] - SD is not same with WA&#xD;
&#xD;
2020-01-16 14:19:56 - [TEST_STEP][PASSED] - sState = xpath("//*[@id="State"]/option[" + i + "]")).getText(): null&#xD;
&#xD;
2020-01-16 14:19:56 - [TEST_STEP][PASSED] - if (sState == sSearchState): null&#xD;
&#xD;
2020-01-16 14:19:56 - [TEST_STEP][ERROR] - else: TN is not same with WA&#xD;
&#xD;
2020-01-16 14:19:56 - [TEST_STEP][ERROR] - log.logError(sState + " is not same with " + sSearchState): TN is not same with WA&#xD;
&#xD;
2020-01-16 14:19:56 - [MESSAGE][ERROR] - TN is not same with WA&#xD;
&#xD;
2020-01-16 14:19:56 - [TEST_STEP][PASSED] - sState = xpath("//*[@id="State"]/option[" + i + "]")).getText(): null&#xD;
&#xD;
2020-01-16 14:19:57 - [TEST_STEP][PASSED] - if (sState == sSearchState): null&#xD;
&#xD;
2020-01-16 14:19:57 - [TEST_STEP][ERROR] - else: TX is not same with WA&#xD;
&#xD;
2020-01-16 14:19:57 - [TEST_STEP][ERROR] - log.logError(sState + " is not same with " + sSearchState): TX is not same with WA&#xD;
&#xD;
2020-01-16 14:19:57 - [MESSAGE][ERROR] - TX is not same with WA&#xD;
&#xD;
2020-01-16 14:19:57 - [TEST_STEP][PASSED] - sState = xpath("//*[@id="State"]/option[" + i + "]")).getText(): null&#xD;
&#xD;
2020-01-16 14:19:57 - [TEST_STEP][PASSED] - if (sState == sSearchState): null&#xD;
&#xD;
2020-01-16 14:19:57 - [TEST_STEP][ERROR] - else: UT is not same with WA&#xD;
&#xD;
2020-01-16 14:19:57 - [TEST_STEP][ERROR] - log.logError(sState + " is not same with " + sSearchState): UT is not same with WA&#xD;
&#xD;
2020-01-16 14:19:57 - [MESSAGE][ERROR] - UT is not same with WA&#xD;
&#xD;
2020-01-16 14:19:57 - [TEST_STEP][PASSED] - sState = xpath("//*[@id="State"]/option[" + i + "]")).getText(): null&#xD;
&#xD;
2020-01-16 14:19:57 - [TEST_STEP][PASSED] - if (sState == sSearchState): null&#xD;
&#xD;
2020-01-16 14:19:57 - [TEST_STEP][ERROR] - else: VA is not same with WA&#xD;
&#xD;
2020-01-16 14:19:57 - [TEST_STEP][ERROR] - log.logError(sState + " is not same with " + sSearchState): VA is not same with WA&#xD;
&#xD;
2020-01-16 14:19:57 - [MESSAGE][ERROR] - VA is not same with WA&#xD;
&#xD;
2020-01-16 14:19:57 - [TEST_STEP][PASSED] - sState = xpath("//*[@id="State"]/option[" + i + "]")).getText(): null&#xD;
&#xD;
2020-01-16 14:19:57 - [TEST_STEP][PASSED] - if (sState == sSearchState): null&#xD;
&#xD;
2020-01-16 14:19:57 - [TEST_STEP][ERROR] - else: VT is not same with WA&#xD;
&#xD;
2020-01-16 14:19:57 - [TEST_STEP][ERROR] - log.logError(sState + " is not same with " + sSearchState): VT is not same with WA&#xD;
&#xD;
2020-01-16 14:19:57 - [MESSAGE][ERROR] - VT is not same with WA&#xD;
&#xD;
2020-01-16 14:19:57 - [TEST_STEP][PASSED] - sState = xpath("//*[@id="State"]/option[" + i + "]")).getText(): null&#xD;
&#xD;
2020-01-16 14:19:57 - [TEST_STEP][PASSED] - if (sState == sSearchState): null&#xD;
&#xD;
2020-01-16 14:19:57 - [TEST_STEP][PASSED] - println(sState + " is same with " + sSearchState): null&#xD;
&#xD;
2020-01-16 14:19:57 - [TEST_STEP][PASSED] - selectOptionByIndex(findTestObject("Zeenyx/Zeenyx InformationRequest_Page/Pop_State"), i - 1): All options with index in [46] are selected on object 'Object Repository/Zeenyx/Zeenyx InformationRequest_Page/Pop_State'&#xD;
&#xD;
2020-01-16 14:19:58 - [MESSAGE][PASSED] - All options with index in [46] are selected on object 'Object Repository/Zeenyx/Zeenyx InformationRequest_Page/Pop_State'&#xD;
&#xD;
2020-01-16 14:19:58 - [TEST_STEP][PASSED] - break: null&#xD;
&#xD;
2020-01-16 14:19:58 - [TEST_STEP][PASSED] - click(findTestObject("Zeenyx/Zeenyx InformationRequest_Page/Rbn_RequestType")): Object: 'Object Repository/Zeenyx/Zeenyx InformationRequest_Page/Rbn_RequestType' is clicked on&#xD;
&#xD;
2020-01-16 14:19:59 - [MESSAGE][PASSED] - Object: 'Object Repository/Zeenyx/Zeenyx InformationRequest_Page/Rbn_RequestType' is clicked on&#xD;
&#xD;
2020-01-16 14:19:59 - [TEST_STEP][PASSED] - click(findTestObject("Zeenyx/Zeenyx InformationRequest_Page/Chk_FirstTimeContact")): Object: 'Object Repository/Zeenyx/Zeenyx InformationRequest_Page/Chk_FirstTimeContact' is clicked on&#xD;
&#xD;
2020-01-16 14:19:59 - [MESSAGE][PASSED] - Object: 'Object Repository/Zeenyx/Zeenyx InformationRequest_Page/Chk_FirstTimeContact' is clicked on&#xD;
&#xD;
2020-01-16 14:19:59 - [TEST_STEP][PASSED] - closeBrowser(): Browser is closed&#xD;
&#xD;
2020-01-16 14:20:04 - [MESSAGE][PASSED] - Browser is closed</system-out>
            <system-err></system-err>
        </testcase>
        <system-out>2020-01-16 14:19:29 - [TEST_SUITE][INCOMPLETE] - InfoRequestPage_Suites: null</system-out>
        <system-err>2020-01-16 14:19:29 - [TEST_SUITE][INCOMPLETE] - InfoRequestPage_Suites: null</system-err>
    </testsuite>
</testsuites>
